#
# There is insufficient memory for the Java Runtime Environment to continue.
# Native memory allocation (malloc) failed to allocate 1048576 bytes for AllocateHeap
# Possible reasons:
#   The system is out of physical RAM or swap space
#   In 32 bit mode, the process size limit was hit
# Possible solutions:
#   Reduce memory load on the system
#   Increase physical memory or swap space
#   Check if swap backing store is full
#   Use 64 bit Java on a 64 bit OS
#   Decrease Java heap size (-Xmx/-Xms)
#   Decrease number of Java threads
#   Decrease Java thread stack sizes (-Xss)
#   Set larger code cache with -XX:ReservedCodeCacheSize=
# This output file may be truncated or incomplete.
#
#  Out of Memory Error (memory/allocation.inline.hpp:61), pid=11356, tid=0x0000000000000b20
#
# JRE version:  (8.0_144-b01) (build )
# Java VM: Java HotSpot(TM) 64-Bit Server VM (25.144-b01 mixed mode windows-amd64 compressed oops)
# Failed to write core dump. Minidumps are not enabled by default on client versions of Windows
#

---------------  T H R E A D  ---------------

Current thread (0x000000000253e800):  JavaThread "Unknown thread" [_thread_in_vm, id=2848, stack(0x00000000023f0000,0x00000000024f0000)]

Stack: [0x00000000023f0000,0x00000000024f0000]
[error occurred during error reporting (printing stack bounds), id 0xc0000005]

Native frames: (J=compiled Java code, j=interpreted, Vv=VM code, C=native code)


---------------  P R O C E S S  ---------------

Java Threads: ( => current thread )

Other Threads:

=>0x000000000253e800 (exited) JavaThread "Unknown thread" [_thread_in_vm, id=2848, stack(0x00000000023f0000,0x00000000024f0000)]

VM state:not at safepoint (normal execution)

VM Mutex/Monitor currently owned by a thread: None

Heap:
 PSYoungGen      total 18944K, used 327K [0x00000000eb200000, 0x00000000ec700000, 0x0000000100000000)
  eden space 16384K, 2% used [0x00000000eb200000,0x00000000eb251ec8,0x00000000ec200000)
  from space 2560K, 0% used [0x00000000ec480000,0x00000000ec480000,0x00000000ec700000)
  to   space 2560K, 0% used [0x00000000ec200000,0x00000000ec200000,0x00000000ec480000)
 ParOldGen       total 44032K, used 0K [0x00000000c1600000, 0x00000000c4100000, 0x00000000eb200000)
  object space 44032K, 0% used [0x00000000c1600000,0x00000000c1600000,0x00000000c4100000)
 Metaspace       used 770K, capacity 4480K, committed 4480K, reserved 1056768K
  class space    used 75K, capacity 384K, committed 384K, reserved 1048576K

Card table byte_map: [0x0000000011be0000,0x0000000011de0000] byte_map_base: 0x00000000115d5000

Marking Bits: (ParMarkBitMap*) 0x0000000061bad850
 Begin Bits: [0x0000000012330000, 0x00000000132d8000)
 End Bits:   [0x00000000132d8000, 0x0000000014280000)

Polling page: 0x0000000000af0000

CodeCache: size=245760Kb used=328Kb max_used=328Kb free=245431Kb
 bounds [0x0000000002820000, 0x0000000002a90000, 0x0000000011820000]
 total_blobs=58 nmethods=0 adapters=38
 compilation: enabled

Compilation events (0 events):
No events

GC Heap History (0 events):
No events

Deoptimization events (0 events):
No events

Internal exceptions (0 events):
No events

Events (10 events):
Event: 1.565 loading class java/lang/Short
Event: 1.566 loading class java/lang/Short done
Event: 1.567 loading class java/lang/Integer
Event: 1.569 loading class java/lang/Integer done
Event: 1.569 loading class java/lang/Long
Event: 1.572 loading class java/lang/Long done
Event: 1.577 loading class java/lang/NullPointerException
Event: 1.578 loading class java/lang/NullPointerException done
Event: 1.578 loading class java/lang/ArithmeticException
Event: 1.578 loading class java/lang/ArithmeticException done


Dynamic libraries:
0x00007ff69e0b0000 - 0x00007ff69e0e7000 	C:\Program Files\Java\jdk1.8.0_144\bin\java.exe
0x00007ffbe2250000 - 0x00007ffbe2448000 	C:\Windows\SYSTEM32\ntdll.dll
0x00007ffbe20a0000 - 0x00007ffbe215f000 	C:\Windows\System32\KERNEL32.DLL
0x00007ffbdfb60000 - 0x00007ffbdfe32000 	C:\Windows\System32\KERNELBASE.dll
0x00007ffbe2160000 - 0x00007ffbe220e000 	C:\Windows\System32\ADVAPI32.dll
0x00007ffbe1260000 - 0x00007ffbe12fe000 	C:\Windows\System32\msvcrt.dll
0x00007ffbe13d0000 - 0x00007ffbe146c000 	C:\Windows\System32\sechost.dll
0x00007ffbe0d30000 - 0x00007ffbe0e55000 	C:\Windows\System32\RPCRT4.dll
0x00007ffbe1d10000 - 0x00007ffbe1eb1000 	C:\Windows\System32\USER32.dll
0x00007ffbdf940000 - 0x00007ffbdf962000 	C:\Windows\System32\win32u.dll
0x00007ffbe1230000 - 0x00007ffbe125b000 	C:\Windows\System32\GDI32.dll
0x00007ffbe0180000 - 0x00007ffbe028f000 	C:\Windows\System32\gdi32full.dll
0x00007ffbdf970000 - 0x00007ffbdfa0d000 	C:\Windows\System32\msvcp_win.dll
0x00007ffbdfa10000 - 0x00007ffbdfb10000 	C:\Windows\System32\ucrtbase.dll
0x00007ffbd0f60000 - 0x00007ffbd11fa000 	C:\Windows\WinSxS\amd64_microsoft.windows.common-controls_6595b64144ccf1df_6.0.19041.1110_none_60b5254171f9507e\COMCTL32.dll
0x00007ffbe2060000 - 0x00007ffbe2092000 	C:\Windows\System32\IMM32.DLL
0x0000000061f70000 - 0x0000000062042000 	C:\Program Files\Java\jdk1.8.0_144\jre\bin\msvcr100.dll
0x0000000061390000 - 0x0000000061c2d000 	C:\Program Files\Java\jdk1.8.0_144\jre\bin\server\jvm.dll
0x00007ffbe10f0000 - 0x00007ffbe10f8000 	C:\Windows\System32\PSAPI.DLL
0x00007ffbcea10000 - 0x00007ffbcea37000 	C:\Windows\SYSTEM32\WINMM.dll
0x00007ffbdd090000 - 0x00007ffbdd099000 	C:\Windows\SYSTEM32\WSOCK32.dll
0x00007ffbd3020000 - 0x00007ffbd302a000 	C:\Windows\SYSTEM32\VERSION.dll
0x00007ffbe02b0000 - 0x00007ffbe031b000 	C:\Windows\System32\WS2_32.dll
0x0000000061f60000 - 0x0000000061f6f000 	C:\Program Files\Java\jdk1.8.0_144\jre\bin\verify.dll
0x0000000061f30000 - 0x0000000061f59000 	C:\Program Files\Java\jdk1.8.0_144\jre\bin\java.dll
0x0000000061f00000 - 0x0000000061f23000 	C:\Program Files\Java\jdk1.8.0_144\jre\bin\instrument.dll
0x0000000061ee0000 - 0x0000000061ef6000 	C:\Program Files\Java\jdk1.8.0_144\jre\bin\zip.dll

VM Arguments:
jvm_args: -Dmaven.multiModuleProjectDirectory=C:\Users\work\Desktop\pojetPi\SpringAngularProjet -Dmaven.home=C:\Users\work\.m2\wrapper\dists\apache-maven-3.8.6-bin\1ks0nkde5v1pk9vtc31i9d0lcd\apache-maven-3.8.6 -Dclassworlds.conf=C:\Users\work\.m2\wrapper\dists\apache-maven-3.8.6-bin\1ks0nkde5v1pk9vtc31i9d0lcd\apache-maven-3.8.6\bin\m2.conf -Dmaven.ext.class.path=C:\Program Files\JetBrains\IntelliJ IDEA 2022.2.2\plugins\maven\lib\maven-event-listener.jar -javaagent:C:\Program Files\JetBrains\IntelliJ IDEA 2022.2.2\lib\idea_rt.jar=55142:C:\Program Files\JetBrains\IntelliJ IDEA 2022.2.2\bin -Dfile.encoding=UTF-8 
java_command: org.codehaus.classworlds.Launcher -Didea.version=2022.2.2 org.apache.maven.plugins:maven-install-plugin:2.5.2:install
java_class_path (initial): C:\Users\work\.m2\wrapper\dists\apache-maven-3.8.6-bin\1ks0nkde5v1pk9vtc31i9d0lcd\apache-maven-3.8.6\boot\plexus-classworlds-2.6.0.jar;C:\Users\work\.m2\wrapper\dists\apache-maven-3.8.6-bin\1ks0nkde5v1pk9vtc31i9d0lcd\apache-maven-3.8.6\boot\plexus-classworlds.license;C:\Program Files\JetBrains\IntelliJ IDEA 2022.2.2\lib\idea_rt.jar
Launcher Type: SUN_STANDARD

Environment Variables:
JAVA_HOME=C:\Program Files\Java\jdk1.8.0_144
PATH=C:\oraclexe\app\oracle\product\10.2.0\server\bin;C:\Program Files\Java\jdk1.8.0_144\bin;C:\ProgramData\Oracle\Java\javapath;C:\Windows\system32;C:\Windows;C:\Windows\System32\Wbem;C:\Windows\System32\WindowsPowerShell\v1.0\;C:\Windows\System32\OpenSSH\;C:\Program Files\Microsoft SQL Server\150\Tools\Binn\;C:\Program Files\Microsoft SQL Server\Client SDK\ODBC\170\Tools\Binn\;C:\Program Files\dotnet\;C:\Program Files\MongoDB\Server\6.0\bin;C:\Program Files\Git\cmd;C:\Users\work\AppData\Local\Microsoft\WindowsApps;C:\Users\work\.dotnet\tools;C:\Users\work\AppData\Local\Programs\Microsoft VS Code\bin;C:\Program Files\MongoDB\Server\6.0\bin;C:\Program Files\MongoDB\Server\4.0\bin;
USERNAME=work
OS=Windows_NT
PROCESSOR_IDENTIFIER=Intel64 Family 6 Model 61 Stepping 4, GenuineIntel



---------------  S Y S T E M  ---------------

OS: Windows 10.0 , 64 bit Build 19041 (10.0.19041.2546)

CPU:total 4 (initial active 4) (2 cores per cpu, 2 threads per core) family 6 model 61 stepping 4, cmov, cx8, fxsr, mmx, sse, sse2, sse3, ssse3, sse4.1, sse4.2, popcnt, avx, avx2, aes, clmul, erms, 3dnowpref, lzcnt, ht, tsc, tscinvbit, bmi1, bmi2, adx

Memory: 4k page, physical 4102140k(91976k free), swap 12490748k(5360k free)

vm_info: Java HotSpot(TM) 64-Bit Server VM (25.144-b01) for windows-amd64 JRE (1.8.0_144-b01), built on Jul 21 2017 21:57:33 by "java_re" with MS VC++ 10.0 (VS2010)

time: Sun Mar 05 01:01:33 2023
elapsed time: 1 seconds (0d 0h 0m 1s)

